# JRE version: Java(TM) SE Runtime Environment 18.9 (11.0.7+8) (build 11.0.7+8-LTS)
# Java VM: Java HotSpot(TM) 64-Bit Server VM 18.9 (11.0.7+8-LTS, mixed mode, tiered, compressed oops, g1 gc, windows-amd64)
Heap:
 garbage-first heap   total 120832K, used 47985K [0x00000000c0c00000, 0x0000000100000000)
  region size 1024K, 10 young (10240K), 5 survivors (5120K)
 Metaspace       used 62237K, capacity 63898K, committed 64176K, reserved 1103872K
  class space    used 8209K, capacity 8863K, committed 8960K, reserved 1048576K
GC Heap History (10 events):
Event: 23.141 GC heap before
{Heap before GC invocations=20 (full 0):
 garbage-first heap   total 120832K, used 88450K [0x00000000c0c00000, 0x0000000100000000)
  region size 1024K, 60 young (61440K), 7 survivors (7168K)
 Metaspace       used 45583K, capacity 46938K, committed 47024K, reserved 1089536K
  class space    used 5861K, capacity 6391K, committed 6400K, reserved 1048576K
}
Event: 23.165 GC heap after
{Heap after GC invocations=21 (full 0):
 garbage-first heap   total 120832K, used 36424K [0x00000000c0c00000, 0x0000000100000000)
  region size 1024K, 6 young (6144K), 6 survivors (6144K)
 Metaspace       used 45583K, capacity 46938K, committed 47024K, reserved 1089536K
  class space    used 5861K, capacity 6391K, committed 6400K, reserved 1048576K
}
Event: 24.761 GC heap before
{Heap before GC invocations=21 (full 0):
 garbage-first heap   total 120832K, used 90696K [0x00000000c0c00000, 0x0000000100000000)
  region size 1024K, 59 young (60416K), 6 survivors (6144K)
 Metaspace       used 51882K, capacity 53382K, committed 53552K, reserved 1095680K
  class space    used 6672K, capacity 7265K, committed 7296K, reserved 1048576K
}
Event: 24.787 GC heap after
{Heap after GC invocations=22 (full 0):
 garbage-first heap   total 120832K, used 39424K [0x00000000c0c00000, 0x0000000100000000)
  region size 1024K, 5 young (5120K), 5 survivors (5120K)
 Metaspace       used 51882K, capacity 53382K, committed 53552K, reserved 1095680K
  class space    used 6672K, capacity 7265K, committed 7296K, reserved 1048576K
}
Event: 26.780 GC heap before
{Heap before GC invocations=22 (full 0):
 garbage-first heap   total 120832K, used 93696K [0x00000000c0c00000, 0x0000000100000000)
  region size 1024K, 58 young (59392K), 5 survivors (5120K)
 Metaspace       used 57551K, capacity 59119K, committed 59312K, reserved 1099776K
  class space    used 7504K, capacity 8099K, committed 8192K, reserved 1048576K
}
Event: 26.803 GC heap after
{Heap after GC invocations=23 (full 0):
 garbage-first heap   total 120832K, used 41817K [0x00000000c0c00000, 0x0000000100000000)
  region size 1024K, 7 young (7168K), 7 survivors (7168K)
 Metaspace       used 57551K, capacity 59119K, committed 59312K, reserved 1099776K
  class space    used 7504K, capacity 8099K, committed 8192K, reserved 1048576K
}
Event: 27.124 GC heap before
{Heap before GC invocations=23 (full 0):
 garbage-first heap   total 120832K, used 58201K [0x00000000c0c00000, 0x0000000100000000)
  region size 1024K, 24 young (24576K), 7 survivors (7168K)
 Metaspace       used 58663K, capacity 60123K, committed 60208K, reserved 1101824K
  class space    used 7669K, capacity 8264K, committed 8320K, reserved 1048576K
}
Event: 27.148 GC heap after
{Heap after GC invocations=24 (full 0):
 garbage-first heap   total 120832K, used 41841K [0x00000000c0c00000, 0x0000000100000000)
  region size 1024K, 3 young (3072K), 3 survivors (3072K)
 Metaspace       used 58663K, capacity 60123K, committed 60208K, reserved 1101824K
  class space    used 7669K, capacity 8264K, committed 8320K, reserved 1048576K
}
Event: 99.262 GC heap before
{Heap before GC invocations=25 (full 0):
 garbage-first heap   total 120832K, used 93041K [0x00000000c0c00000, 0x0000000100000000)
  region size 1024K, 53 young (54272K), 3 survivors (3072K)
 Metaspace       used 62076K, capacity 63795K, committed 63920K, reserved 1103872K
  class space    used 8183K, capacity 8849K, committed 8960K, reserved 1048576K
}
Event: 99.283 GC heap after
{Heap after GC invocations=26 (full 0):
 garbage-first heap   total 120832K, used 43889K [0x00000000c0c00000, 0x0000000100000000)
  region size 1024K, 5 young (5120K), 5 survivors (5120K)
 Metaspace       used 62076K, capacity 63795K, committed 63920K, reserved 1103872K
  class space    used 8183K, capacity 8849K, committed 8960K, reserved 1048576K
}

