# JRE version: Java(TM) SE Runtime Environment 18.9 (11.0.7+8) (build 11.0.7+8-LTS)
# Java VM: Java HotSpot(TM) 64-Bit Server VM 18.9 (11.0.7+8-LTS, mixed mode, tiered, compressed oops, g1 gc, windows-amd64)
Heap:
 garbage-first heap   total 180224K, used 114897K [0x00000000c0c00000, 0x0000000100000000)
  region size 1024K, 72 young (73728K), 6 survivors (6144K)
 Metaspace       used 77013K, capacity 79034K, committed 79280K, reserved 1118208K
  class space    used 10101K, capacity 10887K, committed 11008K, reserved 1048576K
GC Heap History (10 events):
Event: 11.331 GC heap before
{Heap before GC invocations=20 (full 0):
 garbage-first heap   total 149504K, used 106142K [0x00000000c0c00000, 0x0000000100000000)
  region size 1024K, 77 young (78848K), 8 survivors (8192K)
 Metaspace       used 51636K, capacity 53108K, committed 53296K, reserved 1095680K
  class space    used 6593K, capacity 7170K, committed 7296K, reserved 1048576K
}
Event: 11.361 GC heap after
{Heap after GC invocations=21 (full 0):
 garbage-first heap   total 149504K, used 39775K [0x00000000c0c00000, 0x0000000100000000)
  region size 1024K, 8 young (8192K), 8 survivors (8192K)
 Metaspace       used 51636K, capacity 53108K, committed 53296K, reserved 1095680K
  class space    used 6593K, capacity 7170K, committed 7296K, reserved 1048576K
}
Event: 12.387 GC heap before
{Heap before GC invocations=21 (full 0):
 garbage-first heap   total 149504K, used 116575K [0x00000000c0c00000, 0x0000000100000000)
  region size 1024K, 84 young (86016K), 8 survivors (8192K)
 Metaspace       used 58221K, capacity 59712K, committed 59952K, reserved 1101824K
  class space    used 7624K, capacity 8233K, committed 8320K, reserved 1048576K
}
Event: 12.420 GC heap after
{Heap after GC invocations=22 (full 0):
 garbage-first heap   total 149504K, used 42387K [0x00000000c0c00000, 0x0000000100000000)
  region size 1024K, 6 young (6144K), 6 survivors (6144K)
 Metaspace       used 58221K, capacity 59712K, committed 59952K, reserved 1101824K
  class space    used 7624K, capacity 8233K, committed 8320K, reserved 1048576K
}
Event: 12.647 GC heap before
{Heap before GC invocations=22 (full 0):
 garbage-first heap   total 149504K, used 53651K [0x00000000c0c00000, 0x0000000100000000)
  region size 1024K, 18 young (18432K), 6 survivors (6144K)
 Metaspace       used 58577K, capacity 60169K, committed 60208K, reserved 1101824K
  class space    used 7659K, capacity 8300K, committed 8320K, reserved 1048576K
}
Event: 12.672 GC heap after
{Heap after GC invocations=23 (full 0):
 garbage-first heap   total 180224K, used 42787K [0x00000000c0c00000, 0x0000000100000000)
  region size 1024K, 3 young (3072K), 3 survivors (3072K)
 Metaspace       used 58577K, capacity 60169K, committed 60208K, reserved 1101824K
  class space    used 7659K, capacity 8300K, committed 8320K, reserved 1048576K
}
Event: 81.887 GC heap before
{Heap before GC invocations=24 (full 0):
 garbage-first heap   total 180224K, used 111395K [0x00000000c0c00000, 0x0000000100000000)
  region size 1024K, 70 young (71680K), 3 survivors (3072K)
 Metaspace       used 64986K, capacity 66785K, committed 66992K, reserved 1107968K
  class space    used 8520K, capacity 9203K, committed 9216K, reserved 1048576K
}
Event: 81.911 GC heap after
{Heap after GC invocations=25 (full 0):
 garbage-first heap   total 180224K, used 45213K [0x00000000c0c00000, 0x0000000100000000)
  region size 1024K, 6 young (6144K), 6 survivors (6144K)
 Metaspace       used 64986K, capacity 66785K, committed 66992K, reserved 1107968K
  class space    used 8520K, capacity 9203K, committed 9216K, reserved 1048576K
}
Event: 86.218 GC heap before
{Heap before GC invocations=26 (full 0):
 garbage-first heap   total 180224K, used 116893K [0x00000000c0c00000, 0x0000000100000000)
  region size 1024K, 76 young (77824K), 6 survivors (6144K)
 Metaspace       used 68623K, capacity 70537K, committed 70704K, reserved 1110016K
  class space    used 9041K, capacity 9784K, committed 9856K, reserved 1048576K
}
Event: 86.251 GC heap after
{Heap after GC invocations=27 (full 0):
 garbage-first heap   total 180224K, used 48337K [0x00000000c0c00000, 0x0000000100000000)
  region size 1024K, 6 young (6144K), 6 survivors (6144K)
 Metaspace       used 68623K, capacity 70537K, committed 70704K, reserved 1110016K
  class space    used 9041K, capacity 9784K, committed 9856K, reserved 1048576K
}

