# JRE version: Java(TM) SE Runtime Environment 18.9 (11.0.7+8) (build 11.0.7+8-LTS)
# Java VM: Java HotSpot(TM) 64-Bit Server VM 18.9 (11.0.7+8-LTS, mixed mode, tiered, compressed oops, g1 gc, windows-amd64)
Heap:
 garbage-first heap   total 147456K, used 45568K [0x00000000c0c00000, 0x0000000100000000)
  region size 1024K, 8 young (8192K), 4 survivors (4096K)
 Metaspace       used 58667K, capacity 60248K, committed 60464K, reserved 1101824K
  class space    used 7670K, capacity 8265K, committed 8320K, reserved 1048576K
GC Heap History (10 events):
Event: 14.921 GC heap before
{Heap before GC invocations=17 (full 0):
 garbage-first heap   total 122880K, used 93229K [0x00000000c0c00000, 0x0000000100000000)
  region size 1024K, 67 young (68608K), 6 survivors (6144K)
 Metaspace       used 37436K, capacity 38804K, committed 38960K, reserved 1083392K
  class space    used 4733K, capacity 5248K, committed 5248K, reserved 1048576K
}
Event: 14.943 GC heap after
{Heap after GC invocations=18 (full 0):
 garbage-first heap   total 122880K, used 33148K [0x00000000c0c00000, 0x0000000100000000)
  region size 1024K, 6 young (6144K), 6 survivors (6144K)
 Metaspace       used 37436K, capacity 38804K, committed 38960K, reserved 1083392K
  class space    used 4733K, capacity 5248K, committed 5248K, reserved 1048576K
}
Event: 17.633 GC heap before
{Heap before GC invocations=18 (full 0):
 garbage-first heap   total 122880K, used 95612K [0x00000000c0c00000, 0x0000000100000000)
  region size 1024K, 68 young (69632K), 6 survivors (6144K)
 Metaspace       used 43919K, capacity 45326K, committed 45488K, reserved 1089536K
  class space    used 5575K, capacity 6133K, committed 6144K, reserved 1048576K
}
Event: 17.660 GC heap after
{Heap after GC invocations=19 (full 0):
 garbage-first heap   total 122880K, used 37009K [0x00000000c0c00000, 0x0000000100000000)
  region size 1024K, 7 young (7168K), 7 survivors (7168K)
 Metaspace       used 43919K, capacity 45326K, committed 45488K, reserved 1089536K
  class space    used 5575K, capacity 6133K, committed 6144K, reserved 1048576K
}
Event: 19.095 GC heap before
{Heap before GC invocations=19 (full 0):
 garbage-first heap   total 122880K, used 98449K [0x00000000c0c00000, 0x0000000100000000)
  region size 1024K, 67 young (68608K), 7 survivors (7168K)
 Metaspace       used 51214K, capacity 52797K, committed 52912K, reserved 1095680K
  class space    used 6554K, capacity 7157K, committed 7168K, reserved 1048576K
}
Event: 19.121 GC heap after
{Heap after GC invocations=20 (full 0):
 garbage-first heap   total 122880K, used 38912K [0x00000000c0c00000, 0x0000000100000000)
  region size 1024K, 7 young (7168K), 7 survivors (7168K)
 Metaspace       used 51214K, capacity 52797K, committed 52912K, reserved 1095680K
  class space    used 6554K, capacity 7157K, committed 7168K, reserved 1048576K
}
Event: 20.289 GC heap before
{Heap before GC invocations=20 (full 0):
 garbage-first heap   total 122880K, used 99328K [0x00000000c0c00000, 0x0000000100000000)
  region size 1024K, 67 young (68608K), 7 survivors (7168K)
 Metaspace       used 57565K, capacity 59180K, committed 59312K, reserved 1099776K
  class space    used 7491K, capacity 8100K, committed 8192K, reserved 1048576K
}
Event: 20.321 GC heap after
{Heap after GC invocations=21 (full 0):
 garbage-first heap   total 122880K, used 42076K [0x00000000c0c00000, 0x0000000100000000)
  region size 1024K, 6 young (6144K), 6 survivors (6144K)
 Metaspace       used 57565K, capacity 59180K, committed 59312K, reserved 1099776K
  class space    used 7491K, capacity 8100K, committed 8192K, reserved 1048576K
}
Event: 20.869 GC heap before
{Heap before GC invocations=21 (full 0):
 garbage-first heap   total 122880K, used 59484K [0x00000000c0c00000, 0x0000000100000000)
  region size 1024K, 24 young (24576K), 6 survivors (6144K)
 Metaspace       used 58542K, capacity 60120K, committed 60208K, reserved 1101824K
  class space    used 7652K, capacity 8265K, committed 8320K, reserved 1048576K
}
Event: 20.891 GC heap after
{Heap after GC invocations=22 (full 0):
 garbage-first heap   total 147456K, used 42496K [0x00000000c0c00000, 0x0000000100000000)
  region size 1024K, 4 young (4096K), 4 survivors (4096K)
 Metaspace       used 58542K, capacity 60120K, committed 60208K, reserved 1101824K
  class space    used 7652K, capacity 8265K, committed 8320K, reserved 1048576K
}

